\BOOKMARK [0][-]{chapter.1}{\376\377\176\352\213\272}{}% 1
\BOOKMARK [1][-]{section.1.1}{\376\377\213\357\135\356}{chapter.1}% 2
\BOOKMARK [1][-]{section.1.2}{\376\377\154\350\141\017\116\213\230\171}{chapter.1}% 3
\BOOKMARK [0][-]{chapter.2}{\376\377\121\375\145\160\166\204\143\322\120\074\116\016\220\074\217\321}{}% 4
\BOOKMARK [1][-]{section.2.1}{\376\377\000L\000a\000g\000r\000a\000n\000g\000e\143\322\120\074}{chapter.2}% 5
\BOOKMARK [1][-]{section.2.2}{\376\377\000I\000t\000e\000r\000a\000t\000i\000o\000n\143\322\120\074}{chapter.2}% 6
\BOOKMARK [1][-]{section.2.3}{\376\377\000N\000e\000w\000t\000o\000n\143\322\120\074}{chapter.2}% 7
\BOOKMARK [2][-]{subsection.2.3.1}{\376\377\000N\000e\000w\000t\000o\000n\127\107\135\356}{section.2.3}% 8
\BOOKMARK [2][-]{subsection.2.3.2}{\376\377\000N\000e\000w\000t\000o\000n\135\356\122\006}{section.2.3}% 9
\BOOKMARK [1][-]{section.2.4}{\376\377\000H\000e\000r\000m\000i\000t\000e\143\322\120\074}{chapter.2}% 10
\BOOKMARK [1][-]{section.2.5}{\376\377\122\006\153\265\131\032\230\171\137\017\143\322\120\074}{chapter.2}% 11
\BOOKMARK [2][-]{subsection.2.5.1}{\376\377\000S\000e\000g\000m\000e\000n\000t\000e\000d\000\040\000L\000i\000n\000e\000a\000r\000\040\000I\000n\000t\000e\000r\000p\000o\000l\000a\000t\000i\000o\000n}{section.2.5}% 12
\BOOKMARK [2][-]{subsection.2.5.2}{\376\377\000S\000e\000g\000m\000e\000n\000t\000e\000d\000\040\000T\000h\000r\000e\000e\000-\000H\000e\000r\000m\000i\000t\000e\000\040\000I\000n\000t\000e\000r\000p\000o\000l\000a\000t\000i\000o\000n}{section.2.5}% 13
\BOOKMARK [1][-]{section.2.6}{\376\377\000S\000p\000l\000i\000n\000e\143\322\120\074}{chapter.2}% 14
\BOOKMARK [2][-]{subsection.2.6.1}{\376\377\000D\000e\000f\000i\000n\000e\000\040\000F\000u\000n\000c\000t\000i\000o\000n}{section.2.6}% 15
\BOOKMARK [2][-]{subsection.2.6.2}{\376\377\000C\000o\000n\000s\000t\000r\000u\000c\000t\000\040\000F\000u\000n\000c\000t\000i\000o\000n}{section.2.6}% 16
\BOOKMARK [1][-]{section.2.7}{\376\377\147\000\134\017\116\214\116\130\142\337\124\010}{chapter.2}% 17
\BOOKMARK [0][-]{chapter.3}{\376\377\145\160\120\074\171\357\122\006\116\016\145\160\120\074\137\256\122\006}{}% 18
\BOOKMARK [1][-]{section.3.1}{\376\377\145\160\120\074\171\357\122\006\166\204\151\202\137\365}{chapter.3}% 19
\BOOKMARK [1][-]{section.3.2}{\376\377\143\322\120\074\127\213\145\160\120\074\171\357\122\006\121\154\137\017}{chapter.3}% 20
\BOOKMARK [2][-]{subsection.3.2.1}{\376\377\000L\000a\000g\000r\000a\000n\000g\000e\000\040\000I\000n\000t\000e\000g\000r\000a\000l\000\040\000F\000o\000r\000m\000u\000l\000a}{section.3.2}% 21
\BOOKMARK [2][-]{subsection.3.2.2}{\376\377\000E\000q\000u\000i\000d\000i\000s\000t\000e\000n\000t\000\040\000I\000n\000t\000e\000g\000r\000a\000l\000\040\000F\000o\000r\000m\000u\000l\000a}{section.3.2}% 22
\BOOKMARK [2][-]{subsection.3.2.3}{\376\377\000O\000t\000h\000e\000r\000\040\000S\000i\000m\000p\000l\000e\000\040\000I\000n\000t\000e\000g\000r\000a\000l\000\040\000F\000o\000r\000m\000u\000l\000a}{section.3.2}% 23
\BOOKMARK [1][-]{section.3.3}{\376\377\000G\000a\000u\000s\000s\127\213\145\160\120\074\171\357\122\006\121\154\137\017}{chapter.3}% 24
\BOOKMARK [1][-]{section.3.4}{\376\377\145\160\120\074\137\256\122\006}{chapter.3}% 25
\BOOKMARK [2][-]{subsection.3.4.1}{\376\377\000T\000a\000y\000l\000o\000r\176\247\145\160\134\125\137\000\154\325}{section.3.4}% 26
\BOOKMARK [2][-]{subsection.3.4.2}{\376\377\145\160\120\074\137\256\122\006\166\204\226\220\150\074\137\017}{section.3.4}% 27
\BOOKMARK [2][-]{subsection.3.4.3}{\376\377\143\322\120\074\127\213\154\102\133\374\121\154\137\017}{section.3.4}% 28
\BOOKMARK [0][-]{chapter.4}{\376\377\211\343\176\277\140\047\145\271\172\013\176\304\000-\166\364\143\245\154\325}{}% 29
\BOOKMARK [1][-]{section.4.1}{\376\377\000G\000a\000u\000s\000s\155\210\123\273\154\325}{chapter.4}% 30
\BOOKMARK [1][-]{section.4.2}{\376\377\116\073\121\103\175\040\155\210\121\103\154\325}{chapter.4}% 31
\BOOKMARK [2][-]{subsection.4.2.1}{\376\377\121\150\116\073\121\103\175\040\155\210\121\103\154\325}{section.4.2}% 32
\BOOKMARK [2][-]{subsection.4.2.2}{\376\377\122\027\116\073\121\103\175\040\155\210\121\103\154\325}{section.4.2}% 33
\BOOKMARK [1][-]{section.4.3}{\376\377\167\351\226\065\116\011\211\322\211\343\154\325}{chapter.4}% 34
\BOOKMARK [2][-]{subsection.4.3.1}{\376\377\000D\000o\000o\000l\000i\000t\000t\000l\000e\122\006\211\343\377\010\000L\000U\122\006\211\343\377\011}{section.4.3}% 35
\BOOKMARK [2][-]{subsection.4.3.2}{\376\377\122\027\116\073\121\103\175\040\116\011\211\322\122\006\211\343\154\325}{section.4.3}% 36
\BOOKMARK [2][-]{subsection.4.3.3}{\376\377\136\163\145\271\150\071\154\325}{section.4.3}% 37
\BOOKMARK [2][-]{subsection.4.3.4}{\376\377\116\011\133\371\211\322\145\271\172\013\176\304\166\204\217\375\215\166\154\325}{section.4.3}% 38
\BOOKMARK [1][-]{section.4.4}{\376\377\124\021\221\317\203\003\145\160\060\001\167\351\226\065\203\003\145\160\060\001\147\141\116\366\145\160}{chapter.4}% 39
\BOOKMARK [2][-]{subsection.4.4.1}{\376\377\124\021\221\317\203\003\145\160\060\001\167\351\226\065\203\003\145\160\060\001\214\061\123\112\137\204}{section.4.4}% 40
\BOOKMARK [2][-]{subsection.4.4.2}{\376\377\167\351\226\065\147\141\116\366\145\160\123\312\145\271\172\013\176\304\140\047\140\001\000*}{section.4.4}% 41
\BOOKMARK [0][-]{chapter.5}{\376\377\211\343\176\277\140\047\145\271\172\013\176\304\000-\217\355\116\343\154\325}{}% 42
\BOOKMARK [1][-]{section.5.1}{\376\377\000J\000a\000c\000o\000b\000i\217\355\116\343\154\325}{chapter.5}% 43
\BOOKMARK [2][-]{subsection.5.1.1}{\376\377\217\355\116\343\147\204\220\040}{section.5.1}% 44
\BOOKMARK [2][-]{subsection.5.1.2}{\376\377\145\066\145\133\140\047}{section.5.1}% 45
\BOOKMARK [1][-]{section.5.2}{\376\377\000G\000a\000u\000s\000s\000-\000S\000e\000i\000d\000e\000l\217\355\116\343\154\325}{chapter.5}% 46
\BOOKMARK [2][-]{subsection.5.2.1}{\376\377\217\355\116\343\147\204\220\040}{section.5.2}% 47
\BOOKMARK [2][-]{subsection.5.2.2}{\376\377\145\066\145\133\140\047}{section.5.2}% 48
\BOOKMARK [1][-]{section.5.3}{\376\377\215\205\147\176\137\033\217\355\116\343\154\325}{chapter.5}% 49
\BOOKMARK [2][-]{subsection.5.3.1}{\376\377\217\355\116\343\147\204\220\040}{section.5.3}% 50
\BOOKMARK [2][-]{subsection.5.3.2}{\376\377\145\066\145\133\140\047}{section.5.3}% 51
\BOOKMARK [1][-]{section.5.4}{\376\377\121\161\217\155\150\257\136\246\154\325\000*}{chapter.5}% 52
